[${project.name}][${env:SERVER_PORT}] 2023-05-22 18:39:36,039 ERROR [com.alibaba.nacos.client.Worker][LoggerUtils.java:99] - Send request fail, request=ConfigBatchListenRequest{headers={}, requestId='null'}, retryTimes=0,errorMessage=java.util.concurrent.ExecutionException: com.alibaba.nacos.shaded.io.grpc.StatusRuntimeException: UNAVAILABLE: io exception
[${project.name}][${env:SERVER_PORT}] 2023-05-22 18:39:36,039 ERROR [nacos-grpc-client-executor-2874][LoggerUtils.java:99] - [1684735772253_115.227.7.6_50868]Request stream error, switch server,error=com.alibaba.nacos.shaded.io.grpc.StatusRuntimeException: UNAVAILABLE: io exception
[${project.name}][${env:SERVER_PORT}] 2023-05-22 18:39:36,186 ERROR [com.alibaba.nacos.client.Worker][LoggerUtils.java:99] - Send request fail, request=ConfigBatchListenRequest{headers={}, requestId='null'}, retryTimes=1,errorMessage=Client not connected,current status:UNHEALTHY
[${project.name}][${env:SERVER_PORT}] 2023-05-22 18:39:36,294 ERROR [com.alibaba.nacos.client.Worker][LoggerUtils.java:99] - Send request fail, request=ConfigBatchListenRequest{headers={}, requestId='null'}, retryTimes=2,errorMessage=Client not connected,current status:UNHEALTHY
[${project.name}][${env:SERVER_PORT}] 2023-05-22 18:39:36,299 ERROR [com.alibaba.nacos.client.Worker][ClientWorker.java:878] - Async listen config change error 
ErrCode:-401, ErrMsg:Client not connected,current status:UNHEALTHY
	at com.alibaba.nacos.common.remote.client.RpcClient.request(RpcClient.java:655)
	at com.alibaba.nacos.client.config.impl.ClientWorker$ConfigRpcTransportClient.requestProxy(ClientWorker.java:1067)
	at com.alibaba.nacos.client.config.impl.ClientWorker$ConfigRpcTransportClient.requestProxy(ClientWorker.java:1042)
	at com.alibaba.nacos.client.config.impl.ClientWorker$ConfigRpcTransportClient.executeConfigListen(ClientWorker.java:831)
	at com.alibaba.nacos.client.config.impl.ClientWorker$ConfigRpcTransportClient$4.run(ClientWorker.java:748)
	at java.util.concurrent.Executors$RunnableAdapter.call(Executors.java:511)
	at java.util.concurrent.FutureTask.run$$$capture(FutureTask.java:266)
	at java.util.concurrent.FutureTask.run(FutureTask.java)
	at java.util.concurrent.ScheduledThreadPoolExecutor$ScheduledFutureTask.access$201(ScheduledThreadPoolExecutor.java:180)
	at java.util.concurrent.ScheduledThreadPoolExecutor$ScheduledFutureTask.run(ScheduledThreadPoolExecutor.java:293)
	at java.util.concurrent.ThreadPoolExecutor.runWorker(ThreadPoolExecutor.java:1149)
	at java.util.concurrent.ThreadPoolExecutor$Worker.run(ThreadPoolExecutor.java:624)
	at java.lang.Thread.run(Thread.java:748)
[${project.name}][${env:SERVER_PORT}] 2023-05-22 18:39:36,705 ERROR [nacos-grpc-client-executor-2839][LoggerUtils.java:99] - [1684735774621_115.227.7.6_50900]Request stream error, switch server,error=com.alibaba.nacos.shaded.io.grpc.StatusRuntimeException: UNAVAILABLE: io exception
[${project.name}][${env:SERVER_PORT}] 2023-05-22 18:39:37,219 ERROR [nacos-grpc-client-executor-3598][LoggerUtils.java:99] - [1684735773585_115.227.7.6_50897]Request stream error, switch server,error=com.alibaba.nacos.shaded.io.grpc.StatusRuntimeException: UNAVAILABLE: io exception
[${project.name}][${env:SERVER_PORT}] 2023-05-22 18:39:37,468 ERROR [com.alibaba.nacos.client.Worker][LoggerUtils.java:99] - Send request fail, request=ConfigBatchListenRequest{headers={charset=UTF-8, Client-AppName=unknown, Client-RequestToken=ac975b42d15c60e3fce4514d7d760320, Client-RequestTS=1684751977359, exConfigInfo=true, Timestamp=1684751977359}, requestId='null'}, retryTimes=0,errorMessage=Client not connected,current status:UNHEALTHY
