[${project.name}][${env:SERVER_PORT}] 2023-05-23 12:58:34,981 ERROR [main][SpringApplication.java:826] - Application run failed
org.springframework.beans.factory.BeanCreationException: Error creating bean with name 'merchantController': Injection of @DubboReference dependencies is failed; nested exception is java.lang.RuntimeException: [source error] getPropertyValue (Ljava/lang/Object;Ljava/lang/String;)Ljava/lang/Object; in org.apache.dubbo.common.bytecode.Wrapper2: inconsistent stack height -1
	at com.alibaba.spring.beans.factory.annotation.AbstractAnnotationBeanPostProcessor.postProcessPropertyValues(AbstractAnnotationBeanPostProcessor.java:183)
	at org.springframework.beans.factory.support.AbstractAutowireCapableBeanFactory.populateBean(AbstractAutowireCapableBeanFactory.java:1425)
	at org.springframework.beans.factory.support.AbstractAutowireCapableBeanFactory.doCreateBean(AbstractAutowireCapableBeanFactory.java:593)
	at org.springframework.beans.factory.support.AbstractAutowireCapableBeanFactory.createBean(AbstractAutowireCapableBeanFactory.java:516)
	at org.springframework.beans.factory.support.AbstractBeanFactory.lambda$doGetBean$0(AbstractBeanFactory.java:324)
	at org.springframework.beans.factory.support.DefaultSingletonBeanRegistry.getSingleton(DefaultSingletonBeanRegistry.java:226)
	at org.springframework.beans.factory.support.AbstractBeanFactory.doGetBean(AbstractBeanFactory.java:322)
	at org.springframework.beans.factory.support.AbstractBeanFactory.getBean(AbstractBeanFactory.java:202)
	at org.springframework.beans.factory.support.DefaultListableBeanFactory.preInstantiateSingletons(DefaultListableBeanFactory.java:897)
	at org.springframework.context.support.AbstractApplicationContext.finishBeanFactoryInitialization(AbstractApplicationContext.java:879)
	at org.springframework.context.support.AbstractApplicationContext.refresh(AbstractApplicationContext.java:551)
	at org.springframework.boot.web.servlet.context.ServletWebServerApplicationContext.refresh(ServletWebServerApplicationContext.java:141)
	at org.springframework.boot.SpringApplication.refresh(SpringApplication.java:747)
	at org.springframework.boot.SpringApplication.refreshContext(SpringApplication.java:397)
	at org.springframework.boot.SpringApplication.run(SpringApplication.java:315)
	at org.springframework.boot.SpringApplication.run(SpringApplication.java:1226)
	at org.springframework.boot.SpringApplication.run(SpringApplication.java:1215)
	at com.chenyi.yanhuohui.goods.GoodsServiceApplication.main(GoodsServiceApplication.java:20)
Caused by: java.lang.RuntimeException: [source error] getPropertyValue (Ljava/lang/Object;Ljava/lang/String;)Ljava/lang/Object; in org.apache.dubbo.common.bytecode.Wrapper2: inconsistent stack height -1
	at org.apache.dubbo.common.bytecode.ClassGenerator.toClass(ClassGenerator.java:344)
	at org.apache.dubbo.common.bytecode.ClassGenerator.toClass(ClassGenerator.java:285)
	at org.apache.dubbo.common.bytecode.Wrapper.makeWrapper(Wrapper.java:276)
	at java.util.concurrent.ConcurrentHashMap.computeIfAbsent(ConcurrentHashMap.java:1660)
	at org.apache.dubbo.common.bytecode.Wrapper.getWrapper(Wrapper.java:120)
	at org.apache.dubbo.config.ReferenceConfig.init(ReferenceConfig.java:262)
	at org.apache.dubbo.config.ReferenceConfig.get(ReferenceConfig.java:206)
	at org.apache.dubbo.config.spring.beans.factory.annotation.ReferenceAnnotationBeanPostProcessor.doGetInjectedBean(ReferenceAnnotationBeanPostProcessor.java:165)
	at com.alibaba.spring.beans.factory.annotation.AbstractAnnotationBeanPostProcessor.getInjectedObject(AbstractAnnotationBeanPostProcessor.java:409)
	at com.alibaba.spring.beans.factory.annotation.AbstractAnnotationBeanPostProcessor$AnnotatedFieldElement.inject(AbstractAnnotationBeanPostProcessor.java:626)
	at org.springframework.beans.factory.annotation.InjectionMetadata.inject(InjectionMetadata.java:130)
	at com.alibaba.spring.beans.factory.annotation.AbstractAnnotationBeanPostProcessor.postProcessPropertyValues(AbstractAnnotationBeanPostProcessor.java:179)
	... 17 more
Caused by: javassist.CannotCompileException: [source error] getPropertyValue (Ljava/lang/Object;Ljava/lang/String;)Ljava/lang/Object; in org.apache.dubbo.common.bytecode.Wrapper2: inconsistent stack height -1
	at javassist.CtNewMethod.make(CtNewMethod.java:84)
	at javassist.CtNewMethod.make(CtNewMethod.java:50)
	at org.apache.dubbo.common.bytecode.ClassGenerator.toClass(ClassGenerator.java:321)
	... 28 more
Caused by: compile error: getPropertyValue (Ljava/lang/Object;Ljava/lang/String;)Ljava/lang/Object; in org.apache.dubbo.common.bytecode.Wrapper2: inconsistent stack height -1
	at javassist.compiler.Javac.compile(Javac.java:110)
	at javassist.CtNewMethod.make(CtNewMethod.java:79)
	... 30 more
