[${project.name}][${env:SERVER_PORT}] 2023-05-23 16:47:33,222 WARN [dubbo-client-idleCheck-thread-1][ReconnectTimerTask.java:55] -  [DUBBO] Reconnect to channel HeaderExchangeClient [channel=org.apache.dubbo.remoting.transport.netty4.NettyClient [/172.21.240.1:64032 -> /172.21.240.1:20880]], because heartbeat read idle time out: 180000ms, dubbo version: 2.7.13, current host: 172.21.240.1
[${project.name}][${env:SERVER_PORT}] 2023-05-23 16:47:35,154 ERROR [com.alibaba.nacos.client.naming.updater.3][LoggerUtils.java:99] - Send request fail, request=ServiceQueryRequest{headers={}, requestId='null'}, retryTimes=0,errorMessage=java.util.concurrent.TimeoutException: Waited 3000 milliseconds (plus 2963034 milliseconds, 841600 nanoseconds delay) for com.alibaba.nacos.shaded.io.grpc.stub.ClientCalls$GrpcFuture@43241904[status=PENDING, info=[GrpcFuture{clientCall={delegate={delegate=ClientCallImpl{method=MethodDescriptor{fullMethodName=Request/request, type=UNARY, idempotent=false, safe=false, sampledToLocalTracing=true, requestMarshaller=com.alibaba.nacos.shaded.io.grpc.protobuf.lite.ProtoLiteUtils$MessageMarshaller@3b142c27, responseMarshaller=com.alibaba.nacos.shaded.io.grpc.protobuf.lite.ProtoLiteUtils$MessageMarshaller@705d8a70, schemaDescriptor=com.alibaba.nacos.api.grpc.auto.RequestGrpc$RequestMethodDescriptorSupplier@3d5cc5c9}}}}}]]
[${project.name}][${env:SERVER_PORT}] 2023-05-23 16:47:35,165 WARN [com.alibaba.nacos.client.naming.updater.3][ServiceInfoUpdateService.java:195] - [NA] failed to update serviceName: DEFAULT_GROUP@@providers:com.chenyi.yanhuohui.setting.api.GoodsInfoService::
ErrCode:500, ErrMsg:Request nacos server failed: 
	at com.alibaba.nacos.client.naming.remote.gprc.NamingGrpcClientProxy.requestToServer(NamingGrpcClientProxy.java:279)
	at com.alibaba.nacos.client.naming.remote.gprc.NamingGrpcClientProxy.queryInstancesOfService(NamingGrpcClientProxy.java:169)
	at com.alibaba.nacos.client.naming.remote.NamingClientProxyDelegate.queryInstancesOfService(NamingClientProxyDelegate.java:111)
	at com.alibaba.nacos.client.naming.core.ServiceInfoUpdateService$UpdateTask.run(ServiceInfoUpdateService.java:182)
	at java.util.concurrent.Executors$RunnableAdapter.call(Executors.java:511)
	at java.util.concurrent.FutureTask.run$$$capture(FutureTask.java:266)
	at java.util.concurrent.FutureTask.run(FutureTask.java)
	at java.util.concurrent.ScheduledThreadPoolExecutor$ScheduledFutureTask.access$201(ScheduledThreadPoolExecutor.java:180)
	at java.util.concurrent.ScheduledThreadPoolExecutor$ScheduledFutureTask.run(ScheduledThreadPoolExecutor.java:293)
	at java.util.concurrent.ThreadPoolExecutor.runWorker(ThreadPoolExecutor.java:1149)
	at java.util.concurrent.ThreadPoolExecutor$Worker.run(ThreadPoolExecutor.java:624)
	at java.lang.Thread.run(Thread.java:748)
Caused by: ErrCode:500, ErrMsg:Waited 3000 milliseconds (plus 2963034 milliseconds, 841600 nanoseconds delay) for com.alibaba.nacos.shaded.io.grpc.stub.ClientCalls$GrpcFuture@43241904[status=PENDING, info=[GrpcFuture{clientCall={delegate={delegate=ClientCallImpl{method=MethodDescriptor{fullMethodName=Request/request, type=UNARY, idempotent=false, safe=false, sampledToLocalTracing=true, requestMarshaller=com.alibaba.nacos.shaded.io.grpc.protobuf.lite.ProtoLiteUtils$MessageMarshaller@3b142c27, responseMarshaller=com.alibaba.nacos.shaded.io.grpc.protobuf.lite.ProtoLiteUtils$MessageMarshaller@705d8a70, schemaDescriptor=com.alibaba.nacos.api.grpc.auto.RequestGrpc$RequestMethodDescriptorSupplier@3d5cc5c9}}}}}]]
	at com.alibaba.nacos.common.remote.client.grpc.GrpcConnection.request(GrpcConnection.java:78)
	at com.alibaba.nacos.common.remote.client.RpcClient.request(RpcClient.java:657)
	at com.alibaba.nacos.common.remote.client.RpcClient.request(RpcClient.java:635)
	at com.alibaba.nacos.client.naming.remote.gprc.NamingGrpcClientProxy.requestToServer(NamingGrpcClientProxy.java:269)
	... 11 more
Caused by: java.util.concurrent.TimeoutException: Waited 3000 milliseconds (plus 2963034 milliseconds, 841600 nanoseconds delay) for com.alibaba.nacos.shaded.io.grpc.stub.ClientCalls$GrpcFuture@43241904[status=PENDING, info=[GrpcFuture{clientCall={delegate={delegate=ClientCallImpl{method=MethodDescriptor{fullMethodName=Request/request, type=UNARY, idempotent=false, safe=false, sampledToLocalTracing=true, requestMarshaller=com.alibaba.nacos.shaded.io.grpc.protobuf.lite.ProtoLiteUtils$MessageMarshaller@3b142c27, responseMarshaller=com.alibaba.nacos.shaded.io.grpc.protobuf.lite.ProtoLiteUtils$MessageMarshaller@705d8a70, schemaDescriptor=com.alibaba.nacos.api.grpc.auto.RequestGrpc$RequestMethodDescriptorSupplier@3d5cc5c9}}}}}]]
	at com.alibaba.nacos.shaded.com.google.common.util.concurrent.AbstractFuture.get(AbstractFuture.java:508)
	at com.alibaba.nacos.common.remote.client.grpc.GrpcConnection.request(GrpcConnection.java:76)
	... 14 more
[${project.name}][${env:SERVER_PORT}] 2023-05-23 16:47:35,692 WARN [com.alibaba.nacos.client.remote.worker][NamingGrpcRedoService.java:82] - Grpc connection disconnect, mark to redo
[${project.name}][${env:SERVER_PORT}] 2023-05-23 16:47:36,039 WARN [nacos-grpc-client-executor-1414][LoggerUtils.java:86] - [1684821721242_115.227.7.6_64034]Ignore error event,isRunning:true,isAbandon=true
[${project.name}][${env:SERVER_PORT}] 2023-05-23 16:47:36,046 WARN [nacos-grpc-client-executor-1408][LoggerUtils.java:86] - [1684821720876_115.227.7.6_64033]Ignore error event,isRunning:true,isAbandon=true
[${project.name}][${env:SERVER_PORT}] 2023-05-23 16:47:36,223 WARN [com.alibaba.nacos.client.remote.worker][NamingGrpcRedoService.java:89] - mark to redo completed
[${project.name}][${env:SERVER_PORT}] 2023-05-23 16:47:36,230 ERROR [com.alibaba.nacos.client.naming.updater.2][LoggerUtils.java:99] - Send request fail, request=ServiceQueryRequest{headers={}, requestId='null'}, retryTimes=0,errorMessage=java.util.concurrent.TimeoutException: Waited 3000 milliseconds (plus 31 milliseconds, 298700 nanoseconds delay) for com.alibaba.nacos.shaded.io.grpc.stub.ClientCalls$GrpcFuture@68bd345[status=PENDING, info=[GrpcFuture{clientCall={delegate={delegate=ClientCallImpl{method=MethodDescriptor{fullMethodName=Request/request, type=UNARY, idempotent=false, safe=false, sampledToLocalTracing=true, requestMarshaller=com.alibaba.nacos.shaded.io.grpc.protobuf.lite.ProtoLiteUtils$MessageMarshaller@3b142c27, responseMarshaller=com.alibaba.nacos.shaded.io.grpc.protobuf.lite.ProtoLiteUtils$MessageMarshaller@705d8a70, schemaDescriptor=com.alibaba.nacos.api.grpc.auto.RequestGrpc$RequestMethodDescriptorSupplier@3d5cc5c9}}}}}]]
[${project.name}][${env:SERVER_PORT}] 2023-05-23 16:47:36,234 WARN [com.alibaba.nacos.client.naming.updater.2][ServiceInfoUpdateService.java:195] - [NA] failed to update serviceName: DEFAULT_GROUP@@providers:com.chenyi.yanhuohui.setting.api.GoodsInfoService
ErrCode:500, ErrMsg:Request nacos server failed: 
	at com.alibaba.nacos.client.naming.remote.gprc.NamingGrpcClientProxy.requestToServer(NamingGrpcClientProxy.java:279)
	at com.alibaba.nacos.client.naming.remote.gprc.NamingGrpcClientProxy.queryInstancesOfService(NamingGrpcClientProxy.java:169)
	at com.alibaba.nacos.client.naming.remote.NamingClientProxyDelegate.queryInstancesOfService(NamingClientProxyDelegate.java:111)
	at com.alibaba.nacos.client.naming.core.ServiceInfoUpdateService$UpdateTask.run(ServiceInfoUpdateService.java:182)
	at java.util.concurrent.Executors$RunnableAdapter.call(Executors.java:511)
	at java.util.concurrent.FutureTask.run$$$capture(FutureTask.java:266)
	at java.util.concurrent.FutureTask.run(FutureTask.java)
	at java.util.concurrent.ScheduledThreadPoolExecutor$ScheduledFutureTask.access$201(ScheduledThreadPoolExecutor.java:180)
	at java.util.concurrent.ScheduledThreadPoolExecutor$ScheduledFutureTask.run(ScheduledThreadPoolExecutor.java:293)
	at java.util.concurrent.ThreadPoolExecutor.runWorker(ThreadPoolExecutor.java:1149)
	at java.util.concurrent.ThreadPoolExecutor$Worker.run(ThreadPoolExecutor.java:624)
	at java.lang.Thread.run(Thread.java:748)
Caused by: ErrCode:500, ErrMsg:Waited 3000 milliseconds (plus 31 milliseconds, 298700 nanoseconds delay) for com.alibaba.nacos.shaded.io.grpc.stub.ClientCalls$GrpcFuture@68bd345[status=PENDING, info=[GrpcFuture{clientCall={delegate={delegate=ClientCallImpl{method=MethodDescriptor{fullMethodName=Request/request, type=UNARY, idempotent=false, safe=false, sampledToLocalTracing=true, requestMarshaller=com.alibaba.nacos.shaded.io.grpc.protobuf.lite.ProtoLiteUtils$MessageMarshaller@3b142c27, responseMarshaller=com.alibaba.nacos.shaded.io.grpc.protobuf.lite.ProtoLiteUtils$MessageMarshaller@705d8a70, schemaDescriptor=com.alibaba.nacos.api.grpc.auto.RequestGrpc$RequestMethodDescriptorSupplier@3d5cc5c9}}}}}]]
	at com.alibaba.nacos.common.remote.client.grpc.GrpcConnection.request(GrpcConnection.java:78)
	at com.alibaba.nacos.common.remote.client.RpcClient.request(RpcClient.java:657)
	at com.alibaba.nacos.common.remote.client.RpcClient.request(RpcClient.java:635)
	at com.alibaba.nacos.client.naming.remote.gprc.NamingGrpcClientProxy.requestToServer(NamingGrpcClientProxy.java:269)
	... 11 more
Caused by: java.util.concurrent.TimeoutException: Waited 3000 milliseconds (plus 31 milliseconds, 298700 nanoseconds delay) for com.alibaba.nacos.shaded.io.grpc.stub.ClientCalls$GrpcFuture@68bd345[status=PENDING, info=[GrpcFuture{clientCall={delegate={delegate=ClientCallImpl{method=MethodDescriptor{fullMethodName=Request/request, type=UNARY, idempotent=false, safe=false, sampledToLocalTracing=true, requestMarshaller=com.alibaba.nacos.shaded.io.grpc.protobuf.lite.ProtoLiteUtils$MessageMarshaller@3b142c27, responseMarshaller=com.alibaba.nacos.shaded.io.grpc.protobuf.lite.ProtoLiteUtils$MessageMarshaller@705d8a70, schemaDescriptor=com.alibaba.nacos.api.grpc.auto.RequestGrpc$RequestMethodDescriptorSupplier@3d5cc5c9}}}}}]]
	at com.alibaba.nacos.shaded.com.google.common.util.concurrent.AbstractFuture.get(AbstractFuture.java:508)
	at com.alibaba.nacos.common.remote.client.grpc.GrpcConnection.request(GrpcConnection.java:76)
	... 14 more
[${project.name}][${env:SERVER_PORT}] 2023-05-23 16:47:36,292 ERROR [com.alibaba.nacos.client.naming.updater.0][LoggerUtils.java:99] - Send request fail, request=ServiceQueryRequest{headers={}, requestId='null'}, retryTimes=0,errorMessage=java.util.concurrent.TimeoutException: Waited 3000 milliseconds (plus 29 milliseconds, 655900 nanoseconds delay) for com.alibaba.nacos.shaded.io.grpc.stub.ClientCalls$GrpcFuture@2f5e5c1f[status=PENDING, info=[GrpcFuture{clientCall={delegate={delegate=ClientCallImpl{method=MethodDescriptor{fullMethodName=Request/request, type=UNARY, idempotent=false, safe=false, sampledToLocalTracing=true, requestMarshaller=com.alibaba.nacos.shaded.io.grpc.protobuf.lite.ProtoLiteUtils$MessageMarshaller@3b142c27, responseMarshaller=com.alibaba.nacos.shaded.io.grpc.protobuf.lite.ProtoLiteUtils$MessageMarshaller@705d8a70, schemaDescriptor=com.alibaba.nacos.api.grpc.auto.RequestGrpc$RequestMethodDescriptorSupplier@3d5cc5c9}}}}}]]
[${project.name}][${env:SERVER_PORT}] 2023-05-23 16:47:36,293 WARN [com.alibaba.nacos.client.naming.updater.0][ServiceInfoUpdateService.java:195] - [NA] failed to update serviceName: DEFAULT_GROUP@@providers:com.chenyi.yanhuohui.goods.api.TestServiceApi::
ErrCode:500, ErrMsg:Request nacos server failed: 
	at com.alibaba.nacos.client.naming.remote.gprc.NamingGrpcClientProxy.requestToServer(NamingGrpcClientProxy.java:279)
	at com.alibaba.nacos.client.naming.remote.gprc.NamingGrpcClientProxy.queryInstancesOfService(NamingGrpcClientProxy.java:169)
	at com.alibaba.nacos.client.naming.remote.NamingClientProxyDelegate.queryInstancesOfService(NamingClientProxyDelegate.java:111)
	at com.alibaba.nacos.client.naming.core.ServiceInfoUpdateService$UpdateTask.run(ServiceInfoUpdateService.java:182)
	at java.util.concurrent.Executors$RunnableAdapter.call(Executors.java:511)
	at java.util.concurrent.FutureTask.run$$$capture(FutureTask.java:266)
	at java.util.concurrent.FutureTask.run(FutureTask.java)
	at java.util.concurrent.ScheduledThreadPoolExecutor$ScheduledFutureTask.access$201(ScheduledThreadPoolExecutor.java:180)
	at java.util.concurrent.ScheduledThreadPoolExecutor$ScheduledFutureTask.run(ScheduledThreadPoolExecutor.java:293)
	at java.util.concurrent.ThreadPoolExecutor.runWorker(ThreadPoolExecutor.java:1149)
	at java.util.concurrent.ThreadPoolExecutor$Worker.run(ThreadPoolExecutor.java:624)
	at java.lang.Thread.run(Thread.java:748)
Caused by: ErrCode:500, ErrMsg:Waited 3000 milliseconds (plus 29 milliseconds, 655900 nanoseconds delay) for com.alibaba.nacos.shaded.io.grpc.stub.ClientCalls$GrpcFuture@2f5e5c1f[status=PENDING, info=[GrpcFuture{clientCall={delegate={delegate=ClientCallImpl{method=MethodDescriptor{fullMethodName=Request/request, type=UNARY, idempotent=false, safe=false, sampledToLocalTracing=true, requestMarshaller=com.alibaba.nacos.shaded.io.grpc.protobuf.lite.ProtoLiteUtils$MessageMarshaller@3b142c27, responseMarshaller=com.alibaba.nacos.shaded.io.grpc.protobuf.lite.ProtoLiteUtils$MessageMarshaller@705d8a70, schemaDescriptor=com.alibaba.nacos.api.grpc.auto.RequestGrpc$RequestMethodDescriptorSupplier@3d5cc5c9}}}}}]]
	at com.alibaba.nacos.common.remote.client.grpc.GrpcConnection.request(GrpcConnection.java:78)
	at com.alibaba.nacos.common.remote.client.RpcClient.request(RpcClient.java:657)
	at com.alibaba.nacos.common.remote.client.RpcClient.request(RpcClient.java:635)
	at com.alibaba.nacos.client.naming.remote.gprc.NamingGrpcClientProxy.requestToServer(NamingGrpcClientProxy.java:269)
	... 11 more
Caused by: java.util.concurrent.TimeoutException: Waited 3000 milliseconds (plus 29 milliseconds, 655900 nanoseconds delay) for com.alibaba.nacos.shaded.io.grpc.stub.ClientCalls$GrpcFuture@2f5e5c1f[status=PENDING, info=[GrpcFuture{clientCall={delegate={delegate=ClientCallImpl{method=MethodDescriptor{fullMethodName=Request/request, type=UNARY, idempotent=false, safe=false, sampledToLocalTracing=true, requestMarshaller=com.alibaba.nacos.shaded.io.grpc.protobuf.lite.ProtoLiteUtils$MessageMarshaller@3b142c27, responseMarshaller=com.alibaba.nacos.shaded.io.grpc.protobuf.lite.ProtoLiteUtils$MessageMarshaller@705d8a70, schemaDescriptor=com.alibaba.nacos.api.grpc.auto.RequestGrpc$RequestMethodDescriptorSupplier@3d5cc5c9}}}}}]]
	at com.alibaba.nacos.shaded.com.google.common.util.concurrent.AbstractFuture.get(AbstractFuture.java:508)
	at com.alibaba.nacos.common.remote.client.grpc.GrpcConnection.request(GrpcConnection.java:76)
	... 14 more
[${project.name}][${env:SERVER_PORT}] 2023-05-23 16:47:36,341 ERROR [com.alibaba.nacos.client.naming.updater.3][LoggerUtils.java:99] - Send request fail, request=ServiceQueryRequest{headers={app=unknown}, requestId='null'}, retryTimes=0,errorMessage=Client not connected,current status:UNHEALTHY
[${project.name}][${env:SERVER_PORT}] 2023-05-23 16:47:36,345 ERROR [com.alibaba.nacos.client.naming.updater.2][LoggerUtils.java:99] - Send request fail, request=ServiceQueryRequest{headers={app=unknown}, requestId='null'}, retryTimes=0,errorMessage=Client not connected,current status:UNHEALTHY
[${project.name}][${env:SERVER_PORT}] 2023-05-23 16:47:36,361 ERROR [com.alibaba.nacos.client.naming.updater.1][LoggerUtils.java:99] - Send request fail, request=ServiceQueryRequest{headers={}, requestId='null'}, retryTimes=0,errorMessage=java.util.concurrent.TimeoutException: Waited 3000 milliseconds (plus 100 milliseconds, 695600 nanoseconds delay) for com.alibaba.nacos.shaded.io.grpc.stub.ClientCalls$GrpcFuture@716e9afe[status=PENDING, info=[GrpcFuture{clientCall={delegate={delegate=ClientCallImpl{method=MethodDescriptor{fullMethodName=Request/request, type=UNARY, idempotent=false, safe=false, sampledToLocalTracing=true, requestMarshaller=com.alibaba.nacos.shaded.io.grpc.protobuf.lite.ProtoLiteUtils$MessageMarshaller@3b142c27, responseMarshaller=com.alibaba.nacos.shaded.io.grpc.protobuf.lite.ProtoLiteUtils$MessageMarshaller@705d8a70, schemaDescriptor=com.alibaba.nacos.api.grpc.auto.RequestGrpc$RequestMethodDescriptorSupplier@3d5cc5c9}}}}}]]
[${project.name}][${env:SERVER_PORT}] 2023-05-23 16:47:36,528 WARN [nacos-grpc-client-executor-1459][LoggerUtils.java:86] - [1684821718422_115.227.7.6_63984]Ignore error event,isRunning:true,isAbandon=true
[${project.name}][${env:SERVER_PORT}] 2023-05-23 16:47:36,575 INFO [NettyClientWorker-4-1][NettyClientHandler.java:76] -  [DUBBO] The connection of /172.21.240.1:64032 -> /172.21.240.1:20880 is disconnected., dubbo version: 2.7.13, current host: 172.21.240.1
[${project.name}][${env:SERVER_PORT}] 2023-05-23 16:47:37,003 WARN [nacos-grpc-client-executor-1421][LoggerUtils.java:86] - [1684821707738_115.227.7.6_63978]Ignore error event,isRunning:true,isAbandon=true
[${project.name}][${env:SERVER_PORT}] 2023-05-23 16:47:38,217 WARN [com.alibaba.nacos.client.naming.updater.1][ServiceInfoUpdateService.java:195] - [NA] failed to update serviceName: DEFAULT_GROUP@@providers:com.alibaba.cloud.dubbo.service.DubboMetadataService:1.0.0:yanhuohui-goods
ErrCode:500, ErrMsg:Request nacos server failed: 
	at com.alibaba.nacos.client.naming.remote.gprc.NamingGrpcClientProxy.requestToServer(NamingGrpcClientProxy.java:279)
	at com.alibaba.nacos.client.naming.remote.gprc.NamingGrpcClientProxy.queryInstancesOfService(NamingGrpcClientProxy.java:169)
	at com.alibaba.nacos.client.naming.remote.NamingClientProxyDelegate.queryInstancesOfService(NamingClientProxyDelegate.java:111)
	at com.alibaba.nacos.client.naming.core.ServiceInfoUpdateService$UpdateTask.run(ServiceInfoUpdateService.java:182)
	at java.util.concurrent.Executors$RunnableAdapter.call(Executors.java:511)
	at java.util.concurrent.FutureTask.run$$$capture(FutureTask.java:266)
	at java.util.concurrent.FutureTask.run(FutureTask.java)
	at java.util.concurrent.ScheduledThreadPoolExecutor$ScheduledFutureTask.access$201(ScheduledThreadPoolExecutor.java:180)
	at java.util.concurrent.ScheduledThreadPoolExecutor$ScheduledFutureTask.run(ScheduledThreadPoolExecutor.java:293)
	at java.util.concurrent.ThreadPoolExecutor.runWorker(ThreadPoolExecutor.java:1149)
	at java.util.concurrent.ThreadPoolExecutor$Worker.run(ThreadPoolExecutor.java:624)
	at java.lang.Thread.run(Thread.java:748)
Caused by: ErrCode:500, ErrMsg:Waited 3000 milliseconds (plus 100 milliseconds, 695600 nanoseconds delay) for com.alibaba.nacos.shaded.io.grpc.stub.ClientCalls$GrpcFuture@716e9afe[status=PENDING, info=[GrpcFuture{clientCall={delegate={delegate=ClientCallImpl{method=MethodDescriptor{fullMethodName=Request/request, type=UNARY, idempotent=false, safe=false, sampledToLocalTracing=true, requestMarshaller=com.alibaba.nacos.shaded.io.grpc.protobuf.lite.ProtoLiteUtils$MessageMarshaller@3b142c27, responseMarshaller=com.alibaba.nacos.shaded.io.grpc.protobuf.lite.ProtoLiteUtils$MessageMarshaller@705d8a70, schemaDescriptor=com.alibaba.nacos.api.grpc.auto.RequestGrpc$RequestMethodDescriptorSupplier@3d5cc5c9}}}}}]]
	at com.alibaba.nacos.common.remote.client.grpc.GrpcConnection.request(GrpcConnection.java:78)
	at com.alibaba.nacos.common.remote.client.RpcClient.request(RpcClient.java:657)
	at com.alibaba.nacos.common.remote.client.RpcClient.request(RpcClient.java:635)
	at com.alibaba.nacos.client.naming.remote.gprc.NamingGrpcClientProxy.requestToServer(NamingGrpcClientProxy.java:269)
	... 11 more
Caused by: java.util.concurrent.TimeoutException: Waited 3000 milliseconds (plus 100 milliseconds, 695600 nanoseconds delay) for com.alibaba.nacos.shaded.io.grpc.stub.ClientCalls$GrpcFuture@716e9afe[status=PENDING, info=[GrpcFuture{clientCall={delegate={delegate=ClientCallImpl{method=MethodDescriptor{fullMethodName=Request/request, type=UNARY, idempotent=false, safe=false, sampledToLocalTracing=true, requestMarshaller=com.alibaba.nacos.shaded.io.grpc.protobuf.lite.ProtoLiteUtils$MessageMarshaller@3b142c27, responseMarshaller=com.alibaba.nacos.shaded.io.grpc.protobuf.lite.ProtoLiteUtils$MessageMarshaller@705d8a70, schemaDescriptor=com.alibaba.nacos.api.grpc.auto.RequestGrpc$RequestMethodDescriptorSupplier@3d5cc5c9}}}}}]]
	at com.alibaba.nacos.shaded.com.google.common.util.concurrent.AbstractFuture.get(AbstractFuture.java:508)
	at com.alibaba.nacos.common.remote.client.grpc.GrpcConnection.request(GrpcConnection.java:76)
	... 14 more
[${project.name}][${env:SERVER_PORT}] 2023-05-23 16:47:38,285 ERROR [com.alibaba.nacos.client.naming.updater.0][LoggerUtils.java:99] - Send request fail, request=ServiceQueryRequest{headers={app=unknown}, requestId='null'}, retryTimes=0,errorMessage=Client not connected,current status:UNHEALTHY
[${project.name}][${env:SERVER_PORT}] 2023-05-23 16:47:38,324 ERROR [com.alibaba.nacos.client.naming.updater.2][LoggerUtils.java:99] - Send request fail, request=ServiceQueryRequest{headers={app=unknown}, requestId='null'}, retryTimes=1,errorMessage=Client not connected,current status:UNHEALTHY
[${project.name}][${env:SERVER_PORT}] 2023-05-23 16:47:38,359 ERROR [com.alibaba.nacos.client.naming.updater.3][LoggerUtils.java:99] - Send request fail, request=ServiceQueryRequest{headers={app=unknown}, requestId='null'}, retryTimes=1,errorMessage=Client not connected,current status:UNHEALTHY
[${project.name}][${env:SERVER_PORT}] 2023-05-23 16:47:38,395 ERROR [com.alibaba.nacos.client.naming.updater.1][LoggerUtils.java:99] - Send request fail, request=ServiceQueryRequest{headers={app=unknown}, requestId='null'}, retryTimes=0,errorMessage=Client not connected,current status:UNHEALTHY
[${project.name}][${env:SERVER_PORT}] 2023-05-23 16:47:38,400 ERROR [com.alibaba.nacos.client.naming.updater.0][LoggerUtils.java:99] - Send request fail, request=ServiceQueryRequest{headers={app=unknown}, requestId='null'}, retryTimes=1,errorMessage=Client not connected,current status:UNHEALTHY
[${project.name}][${env:SERVER_PORT}] 2023-05-23 16:47:38,428 ERROR [com.alibaba.nacos.client.naming.updater.2][LoggerUtils.java:99] - Send request fail, request=ServiceQueryRequest{headers={app=unknown}, requestId='null'}, retryTimes=2,errorMessage=Client not connected,current status:UNHEALTHY
[${project.name}][${env:SERVER_PORT}] 2023-05-23 16:47:38,429 WARN [com.alibaba.nacos.client.naming.updater.2][ServiceInfoUpdateService.java:195] - [NA] failed to update serviceName: DEFAULT_GROUP@@providers:com.chenyi.yanhuohui.goods.api.MerchantService::
ErrCode:500, ErrMsg:Request nacos server failed: 
	at com.alibaba.nacos.client.naming.remote.gprc.NamingGrpcClientProxy.requestToServer(NamingGrpcClientProxy.java:279)
	at com.alibaba.nacos.client.naming.remote.gprc.NamingGrpcClientProxy.queryInstancesOfService(NamingGrpcClientProxy.java:169)
	at com.alibaba.nacos.client.naming.remote.NamingClientProxyDelegate.queryInstancesOfService(NamingClientProxyDelegate.java:111)
	at com.alibaba.nacos.client.naming.core.ServiceInfoUpdateService$UpdateTask.run(ServiceInfoUpdateService.java:182)
	at java.util.concurrent.Executors$RunnableAdapter.call(Executors.java:511)
	at java.util.concurrent.FutureTask.run$$$capture(FutureTask.java:266)
	at java.util.concurrent.FutureTask.run(FutureTask.java)
	at java.util.concurrent.ScheduledThreadPoolExecutor$ScheduledFutureTask.access$201(ScheduledThreadPoolExecutor.java:180)
	at java.util.concurrent.ScheduledThreadPoolExecutor$ScheduledFutureTask.run(ScheduledThreadPoolExecutor.java:293)
	at java.util.concurrent.ThreadPoolExecutor.runWorker(ThreadPoolExecutor.java:1149)
	at java.util.concurrent.ThreadPoolExecutor$Worker.run(ThreadPoolExecutor.java:624)
	at java.lang.Thread.run(Thread.java:748)
Caused by: ErrCode:-401, ErrMsg:Client not connected,current status:UNHEALTHY
	at com.alibaba.nacos.common.remote.client.RpcClient.request(RpcClient.java:655)
	at com.alibaba.nacos.common.remote.client.RpcClient.request(RpcClient.java:635)
	at com.alibaba.nacos.client.naming.remote.gprc.NamingGrpcClientProxy.requestToServer(NamingGrpcClientProxy.java:269)
	... 11 more
[${project.name}][${env:SERVER_PORT}] 2023-05-23 16:47:38,478 ERROR [com.alibaba.nacos.client.naming.updater.3][LoggerUtils.java:99] - Send request fail, request=ServiceQueryRequest{headers={app=unknown}, requestId='null'}, retryTimes=2,errorMessage=Client not connected,current status:UNHEALTHY
[${project.name}][${env:SERVER_PORT}] 2023-05-23 16:47:38,481 WARN [com.alibaba.nacos.client.naming.updater.3][ServiceInfoUpdateService.java:195] - [NA] failed to update serviceName: DEFAULT_GROUP@@providers:com.chenyi.yanhuohui.goods.api.TestServiceApi
ErrCode:500, ErrMsg:Request nacos server failed: 
	at com.alibaba.nacos.client.naming.remote.gprc.NamingGrpcClientProxy.requestToServer(NamingGrpcClientProxy.java:279)
	at com.alibaba.nacos.client.naming.remote.gprc.NamingGrpcClientProxy.queryInstancesOfService(NamingGrpcClientProxy.java:169)
	at com.alibaba.nacos.client.naming.remote.NamingClientProxyDelegate.queryInstancesOfService(NamingClientProxyDelegate.java:111)
	at com.alibaba.nacos.client.naming.core.ServiceInfoUpdateService$UpdateTask.run(ServiceInfoUpdateService.java:182)
	at java.util.concurrent.Executors$RunnableAdapter.call(Executors.java:511)
	at java.util.concurrent.FutureTask.run$$$capture(FutureTask.java:266)
	at java.util.concurrent.FutureTask.run(FutureTask.java)
	at java.util.concurrent.ScheduledThreadPoolExecutor$ScheduledFutureTask.access$201(ScheduledThreadPoolExecutor.java:180)
	at java.util.concurrent.ScheduledThreadPoolExecutor$ScheduledFutureTask.run(ScheduledThreadPoolExecutor.java:293)
	at java.util.concurrent.ThreadPoolExecutor.runWorker(ThreadPoolExecutor.java:1149)
	at java.util.concurrent.ThreadPoolExecutor$Worker.run(ThreadPoolExecutor.java:624)
	at java.lang.Thread.run(Thread.java:748)
Caused by: ErrCode:-401, ErrMsg:Client not connected,current status:UNHEALTHY
	at com.alibaba.nacos.common.remote.client.RpcClient.request(RpcClient.java:655)
	at com.alibaba.nacos.common.remote.client.RpcClient.request(RpcClient.java:635)
	at com.alibaba.nacos.client.naming.remote.gprc.NamingGrpcClientProxy.requestToServer(NamingGrpcClientProxy.java:269)
	... 11 more
[${project.name}][${env:SERVER_PORT}] 2023-05-23 16:47:38,507 ERROR [com.alibaba.nacos.client.naming.updater.0][LoggerUtils.java:99] - Send request fail, request=ServiceQueryRequest{headers={app=unknown}, requestId='null'}, retryTimes=2,errorMessage=Client not connected,current status:UNHEALTHY
[${project.name}][${env:SERVER_PORT}] 2023-05-23 16:47:38,507 WARN [com.alibaba.nacos.client.naming.updater.0][ServiceInfoUpdateService.java:195] - [NA] failed to update serviceName: DEFAULT_GROUP@@providers:com.alibaba.cloud.dubbo.service.DubboMetadataService:1.0.0:yanhuohui-setting
ErrCode:500, ErrMsg:Request nacos server failed: 
	at com.alibaba.nacos.client.naming.remote.gprc.NamingGrpcClientProxy.requestToServer(NamingGrpcClientProxy.java:279)
	at com.alibaba.nacos.client.naming.remote.gprc.NamingGrpcClientProxy.queryInstancesOfService(NamingGrpcClientProxy.java:169)
	at com.alibaba.nacos.client.naming.remote.NamingClientProxyDelegate.queryInstancesOfService(NamingClientProxyDelegate.java:111)
	at com.alibaba.nacos.client.naming.core.ServiceInfoUpdateService$UpdateTask.run(ServiceInfoUpdateService.java:182)
	at java.util.concurrent.Executors$RunnableAdapter.call(Executors.java:511)
	at java.util.concurrent.FutureTask.run$$$capture(FutureTask.java:266)
	at java.util.concurrent.FutureTask.run(FutureTask.java)
	at java.util.concurrent.ScheduledThreadPoolExecutor$ScheduledFutureTask.access$201(ScheduledThreadPoolExecutor.java:180)
	at java.util.concurrent.ScheduledThreadPoolExecutor$ScheduledFutureTask.run(ScheduledThreadPoolExecutor.java:293)
	at java.util.concurrent.ThreadPoolExecutor.runWorker(ThreadPoolExecutor.java:1149)
	at java.util.concurrent.ThreadPoolExecutor$Worker.run(ThreadPoolExecutor.java:624)
	at java.lang.Thread.run(Thread.java:748)
Caused by: ErrCode:-401, ErrMsg:Client not connected,current status:UNHEALTHY
	at com.alibaba.nacos.common.remote.client.RpcClient.request(RpcClient.java:655)
	at com.alibaba.nacos.common.remote.client.RpcClient.request(RpcClient.java:635)
	at com.alibaba.nacos.client.naming.remote.gprc.NamingGrpcClientProxy.requestToServer(NamingGrpcClientProxy.java:269)
	... 11 more
[${project.name}][${env:SERVER_PORT}] 2023-05-23 16:47:38,513 ERROR [com.alibaba.nacos.client.naming.updater.1][LoggerUtils.java:99] - Send request fail, request=ServiceQueryRequest{headers={app=unknown}, requestId='null'}, retryTimes=1,errorMessage=Client not connected,current status:UNHEALTHY
[${project.name}][${env:SERVER_PORT}] 2023-05-23 16:47:38,628 ERROR [com.alibaba.nacos.client.naming.updater.1][LoggerUtils.java:99] - Send request fail, request=ServiceQueryRequest{headers={app=unknown}, requestId='null'}, retryTimes=2,errorMessage=Client not connected,current status:UNHEALTHY
[${project.name}][${env:SERVER_PORT}] 2023-05-23 16:47:38,643 WARN [com.alibaba.nacos.client.naming.updater.1][ServiceInfoUpdateService.java:195] - [NA] failed to update serviceName: DEFAULT_GROUP@@providers:com.chenyi.yanhuohui.goods.api.MerchantService
ErrCode:500, ErrMsg:Request nacos server failed: 
	at com.alibaba.nacos.client.naming.remote.gprc.NamingGrpcClientProxy.requestToServer(NamingGrpcClientProxy.java:279)
	at com.alibaba.nacos.client.naming.remote.gprc.NamingGrpcClientProxy.queryInstancesOfService(NamingGrpcClientProxy.java:169)
	at com.alibaba.nacos.client.naming.remote.NamingClientProxyDelegate.queryInstancesOfService(NamingClientProxyDelegate.java:111)
	at com.alibaba.nacos.client.naming.core.ServiceInfoUpdateService$UpdateTask.run(ServiceInfoUpdateService.java:182)
	at java.util.concurrent.Executors$RunnableAdapter.call(Executors.java:511)
	at java.util.concurrent.FutureTask.run$$$capture(FutureTask.java:266)
	at java.util.concurrent.FutureTask.run(FutureTask.java)
	at java.util.concurrent.ScheduledThreadPoolExecutor$ScheduledFutureTask.access$201(ScheduledThreadPoolExecutor.java:180)
	at java.util.concurrent.ScheduledThreadPoolExecutor$ScheduledFutureTask.run(ScheduledThreadPoolExecutor.java:293)
	at java.util.concurrent.ThreadPoolExecutor.runWorker(ThreadPoolExecutor.java:1149)
	at java.util.concurrent.ThreadPoolExecutor$Worker.run(ThreadPoolExecutor.java:624)
	at java.lang.Thread.run(Thread.java:748)
Caused by: ErrCode:-401, ErrMsg:Client not connected,current status:UNHEALTHY
	at com.alibaba.nacos.common.remote.client.RpcClient.request(RpcClient.java:655)
	at com.alibaba.nacos.common.remote.client.RpcClient.request(RpcClient.java:635)
	at com.alibaba.nacos.client.naming.remote.gprc.NamingGrpcClientProxy.requestToServer(NamingGrpcClientProxy.java:269)
	... 11 more
[${project.name}][${env:SERVER_PORT}] 2023-05-23 16:47:38,673 WARN [com.alibaba.nacos.client.remote.worker][NamingGrpcRedoService.java:82] - Grpc connection disconnect, mark to redo
[${project.name}][${env:SERVER_PORT}] 2023-05-23 16:47:38,673 WARN [com.alibaba.nacos.client.remote.worker][NamingGrpcRedoService.java:89] - mark to redo completed
[${project.name}][${env:SERVER_PORT}] 2023-05-23 16:47:38,680 WARN [nacos-grpc-client-executor-2104][LoggerUtils.java:86] - [1684821719877_115.227.7.6_64011]Ignore error event,isRunning:true,isAbandon=true
[${project.name}][${env:SERVER_PORT}] 2023-05-23 16:47:39,050 ERROR [com.alibaba.nacos.client.naming.updater.2][LoggerUtils.java:99] - Send request fail, request=ServiceQueryRequest{headers={}, requestId='null'}, retryTimes=0,errorMessage=java.util.concurrent.TimeoutException: Waited 3000 milliseconds (plus 125500 nanoseconds delay) for com.alibaba.nacos.shaded.io.grpc.stub.ClientCalls$GrpcFuture@7df15194[status=PENDING, info=[GrpcFuture{clientCall={delegate={delegate=ClientCallImpl{method=MethodDescriptor{fullMethodName=Request/request, type=UNARY, idempotent=false, safe=false, sampledToLocalTracing=true, requestMarshaller=com.alibaba.nacos.shaded.io.grpc.protobuf.lite.ProtoLiteUtils$MessageMarshaller@3b142c27, responseMarshaller=com.alibaba.nacos.shaded.io.grpc.protobuf.lite.ProtoLiteUtils$MessageMarshaller@705d8a70, schemaDescriptor=com.alibaba.nacos.api.grpc.auto.RequestGrpc$RequestMethodDescriptorSupplier@3d5cc5c9}}}}}]]
[${project.name}][${env:SERVER_PORT}] 2023-05-23 16:47:39,050 ERROR [com.alibaba.nacos.client.naming.updater.1][LoggerUtils.java:99] - Send request fail, request=ServiceQueryRequest{headers={}, requestId='null'}, retryTimes=0,errorMessage=java.util.concurrent.TimeoutException: Waited 3000 milliseconds (plus 575300 nanoseconds delay) for com.alibaba.nacos.shaded.io.grpc.stub.ClientCalls$GrpcFuture@1a63c455[status=PENDING, info=[GrpcFuture{clientCall={delegate={delegate=ClientCallImpl{method=MethodDescriptor{fullMethodName=Request/request, type=UNARY, idempotent=false, safe=false, sampledToLocalTracing=true, requestMarshaller=com.alibaba.nacos.shaded.io.grpc.protobuf.lite.ProtoLiteUtils$MessageMarshaller@3b142c27, responseMarshaller=com.alibaba.nacos.shaded.io.grpc.protobuf.lite.ProtoLiteUtils$MessageMarshaller@705d8a70, schemaDescriptor=com.alibaba.nacos.api.grpc.auto.RequestGrpc$RequestMethodDescriptorSupplier@3d5cc5c9}}}}}]]
[${project.name}][${env:SERVER_PORT}] 2023-05-23 16:47:39,052 WARN [com.alibaba.nacos.client.naming.updater.1][ServiceInfoUpdateService.java:195] - [NA] failed to update serviceName: DEFAULT_GROUP@@yanhuohui-setting
ErrCode:500, ErrMsg:Request nacos server failed: 
	at com.alibaba.nacos.client.naming.remote.gprc.NamingGrpcClientProxy.requestToServer(NamingGrpcClientProxy.java:279)
	at com.alibaba.nacos.client.naming.remote.gprc.NamingGrpcClientProxy.queryInstancesOfService(NamingGrpcClientProxy.java:169)
	at com.alibaba.nacos.client.naming.remote.NamingClientProxyDelegate.queryInstancesOfService(NamingClientProxyDelegate.java:111)
	at com.alibaba.nacos.client.naming.core.ServiceInfoUpdateService$UpdateTask.run(ServiceInfoUpdateService.java:182)
	at java.util.concurrent.Executors$RunnableAdapter.call(Executors.java:511)
	at java.util.concurrent.FutureTask.run$$$capture(FutureTask.java:266)
	at java.util.concurrent.FutureTask.run(FutureTask.java)
	at java.util.concurrent.ScheduledThreadPoolExecutor$ScheduledFutureTask.access$201(ScheduledThreadPoolExecutor.java:180)
	at java.util.concurrent.ScheduledThreadPoolExecutor$ScheduledFutureTask.run(ScheduledThreadPoolExecutor.java:293)
	at java.util.concurrent.ThreadPoolExecutor.runWorker(ThreadPoolExecutor.java:1149)
	at java.util.concurrent.ThreadPoolExecutor$Worker.run(ThreadPoolExecutor.java:624)
	at java.lang.Thread.run(Thread.java:748)
Caused by: ErrCode:500, ErrMsg:Waited 3000 milliseconds (plus 575300 nanoseconds delay) for com.alibaba.nacos.shaded.io.grpc.stub.ClientCalls$GrpcFuture@1a63c455[status=PENDING, info=[GrpcFuture{clientCall={delegate={delegate=ClientCallImpl{method=MethodDescriptor{fullMethodName=Request/request, type=UNARY, idempotent=false, safe=false, sampledToLocalTracing=true, requestMarshaller=com.alibaba.nacos.shaded.io.grpc.protobuf.lite.ProtoLiteUtils$MessageMarshaller@3b142c27, responseMarshaller=com.alibaba.nacos.shaded.io.grpc.protobuf.lite.ProtoLiteUtils$MessageMarshaller@705d8a70, schemaDescriptor=com.alibaba.nacos.api.grpc.auto.RequestGrpc$RequestMethodDescriptorSupplier@3d5cc5c9}}}}}]]
	at com.alibaba.nacos.common.remote.client.grpc.GrpcConnection.request(GrpcConnection.java:78)
	at com.alibaba.nacos.common.remote.client.RpcClient.request(RpcClient.java:657)
	at com.alibaba.nacos.common.remote.client.RpcClient.request(RpcClient.java:635)
	at com.alibaba.nacos.client.naming.remote.gprc.NamingGrpcClientProxy.requestToServer(NamingGrpcClientProxy.java:269)
	... 11 more
Caused by: java.util.concurrent.TimeoutException: Waited 3000 milliseconds (plus 575300 nanoseconds delay) for com.alibaba.nacos.shaded.io.grpc.stub.ClientCalls$GrpcFuture@1a63c455[status=PENDING, info=[GrpcFuture{clientCall={delegate={delegate=ClientCallImpl{method=MethodDescriptor{fullMethodName=Request/request, type=UNARY, idempotent=false, safe=false, sampledToLocalTracing=true, requestMarshaller=com.alibaba.nacos.shaded.io.grpc.protobuf.lite.ProtoLiteUtils$MessageMarshaller@3b142c27, responseMarshaller=com.alibaba.nacos.shaded.io.grpc.protobuf.lite.ProtoLiteUtils$MessageMarshaller@705d8a70, schemaDescriptor=com.alibaba.nacos.api.grpc.auto.RequestGrpc$RequestMethodDescriptorSupplier@3d5cc5c9}}}}}]]
	at com.alibaba.nacos.shaded.com.google.common.util.concurrent.AbstractFuture.get(AbstractFuture.java:508)
	at com.alibaba.nacos.common.remote.client.grpc.GrpcConnection.request(GrpcConnection.java:76)
	... 14 more
[${project.name}][${env:SERVER_PORT}] 2023-05-23 16:47:39,057 WARN [com.alibaba.nacos.client.naming.updater.2][ServiceInfoUpdateService.java:195] - [NA] failed to update serviceName: DEFAULT_GROUP@@yanhuohui-goods
ErrCode:500, ErrMsg:Request nacos server failed: 
	at com.alibaba.nacos.client.naming.remote.gprc.NamingGrpcClientProxy.requestToServer(NamingGrpcClientProxy.java:279)
	at com.alibaba.nacos.client.naming.remote.gprc.NamingGrpcClientProxy.queryInstancesOfService(NamingGrpcClientProxy.java:169)
	at com.alibaba.nacos.client.naming.remote.NamingClientProxyDelegate.queryInstancesOfService(NamingClientProxyDelegate.java:111)
	at com.alibaba.nacos.client.naming.core.ServiceInfoUpdateService$UpdateTask.run(ServiceInfoUpdateService.java:182)
	at java.util.concurrent.Executors$RunnableAdapter.call(Executors.java:511)
	at java.util.concurrent.FutureTask.run$$$capture(FutureTask.java:266)
	at java.util.concurrent.FutureTask.run(FutureTask.java)
	at java.util.concurrent.ScheduledThreadPoolExecutor$ScheduledFutureTask.access$201(ScheduledThreadPoolExecutor.java:180)
	at java.util.concurrent.ScheduledThreadPoolExecutor$ScheduledFutureTask.run(ScheduledThreadPoolExecutor.java:293)
	at java.util.concurrent.ThreadPoolExecutor.runWorker(ThreadPoolExecutor.java:1149)
	at java.util.concurrent.ThreadPoolExecutor$Worker.run(ThreadPoolExecutor.java:624)
	at java.lang.Thread.run(Thread.java:748)
Caused by: ErrCode:500, ErrMsg:Waited 3000 milliseconds (plus 125500 nanoseconds delay) for com.alibaba.nacos.shaded.io.grpc.stub.ClientCalls$GrpcFuture@7df15194[status=PENDING, info=[GrpcFuture{clientCall={delegate={delegate=ClientCallImpl{method=MethodDescriptor{fullMethodName=Request/request, type=UNARY, idempotent=false, safe=false, sampledToLocalTracing=true, requestMarshaller=com.alibaba.nacos.shaded.io.grpc.protobuf.lite.ProtoLiteUtils$MessageMarshaller@3b142c27, responseMarshaller=com.alibaba.nacos.shaded.io.grpc.protobuf.lite.ProtoLiteUtils$MessageMarshaller@705d8a70, schemaDescriptor=com.alibaba.nacos.api.grpc.auto.RequestGrpc$RequestMethodDescriptorSupplier@3d5cc5c9}}}}}]]
	at com.alibaba.nacos.common.remote.client.grpc.GrpcConnection.request(GrpcConnection.java:78)
	at com.alibaba.nacos.common.remote.client.RpcClient.request(RpcClient.java:657)
	at com.alibaba.nacos.common.remote.client.RpcClient.request(RpcClient.java:635)
	at com.alibaba.nacos.client.naming.remote.gprc.NamingGrpcClientProxy.requestToServer(NamingGrpcClientProxy.java:269)
	... 11 more
Caused by: java.util.concurrent.TimeoutException: Waited 3000 milliseconds (plus 125500 nanoseconds delay) for com.alibaba.nacos.shaded.io.grpc.stub.ClientCalls$GrpcFuture@7df15194[status=PENDING, info=[GrpcFuture{clientCall={delegate={delegate=ClientCallImpl{method=MethodDescriptor{fullMethodName=Request/request, type=UNARY, idempotent=false, safe=false, sampledToLocalTracing=true, requestMarshaller=com.alibaba.nacos.shaded.io.grpc.protobuf.lite.ProtoLiteUtils$MessageMarshaller@3b142c27, responseMarshaller=com.alibaba.nacos.shaded.io.grpc.protobuf.lite.ProtoLiteUtils$MessageMarshaller@705d8a70, schemaDescriptor=com.alibaba.nacos.api.grpc.auto.RequestGrpc$RequestMethodDescriptorSupplier@3d5cc5c9}}}}}]]
	at com.alibaba.nacos.shaded.com.google.common.util.concurrent.AbstractFuture.get(AbstractFuture.java:508)
	at com.alibaba.nacos.common.remote.client.grpc.GrpcConnection.request(GrpcConnection.java:76)
	... 14 more
[${project.name}][${env:SERVER_PORT}] 2023-05-23 16:47:40,075 WARN [com.alibaba.nacos.client.remote.worker][NamingGrpcRedoService.java:82] - Grpc connection disconnect, mark to redo
[${project.name}][${env:SERVER_PORT}] 2023-05-23 16:47:40,076 WARN [nacos-grpc-client-executor-1440][LoggerUtils.java:86] - [1684821720369_115.227.7.6_64013]Ignore error event,isRunning:true,isAbandon=true
[${project.name}][${env:SERVER_PORT}] 2023-05-23 16:47:40,078 WARN [com.alibaba.nacos.client.remote.worker][NamingGrpcRedoService.java:89] - mark to redo completed
[${project.name}][${env:SERVER_PORT}] 2023-05-23 16:47:40,251 INFO [nacos.publisher-com.alibaba.nacos.client.naming.event.InstancesChangeEvent][AbstractRegistry.java:410] -  [DUBBO] Notify urls for subscribe url provider://172.21.240.1:20881/com.chenyi.yanhuohui.goods.api.TestServiceApi?anyhost=true&application=yanhuohui-goods&bind.ip=172.21.240.1&bind.port=20881&category=configurators&check=false&deprecated=false&dubbo=2.0.2&dynamic=true&generic=false&interface=com.chenyi.yanhuohui.goods.api.TestServiceApi&metadata-type=remote&methods=hello&pid=1104&qos.enable=false&release=2.7.13&service.name=ServiceBean:/com.chenyi.yanhuohui.goods.api.TestServiceApi&side=provider&timestamp=1684821725797, urls: [empty://172.21.240.1:20881/com.chenyi.yanhuohui.goods.api.TestServiceApi?anyhost=true&application=yanhuohui-goods&bind.ip=172.21.240.1&bind.port=20881&category=providers&check=false&deprecated=false&dubbo=2.0.2&dynamic=true&generic=false&interface=com.chenyi.yanhuohui.goods.api.TestServiceApi&metadata-type=remote&methods=hello&pid=1104&qos.enable=false&release=2.7.13&service.name=ServiceBean:/com.chenyi.yanhuohui.goods.api.TestServiceApi&side=provider&timestamp=1684821725797], dubbo version: 2.7.13, current host: 172.21.240.1
[${project.name}][${env:SERVER_PORT}] 2023-05-23 16:47:40,281 INFO [nacos.publisher-com.alibaba.nacos.client.naming.event.InstancesChangeEvent][AbstractRegistry.java:410] -  [DUBBO] Notify urls for subscribe url provider://172.21.240.1:20881/com.alibaba.cloud.dubbo.service.DubboMetadataService?anyhost=true&application=yanhuohui-goods&bind.ip=172.21.240.1&bind.port=20881&category=configurators&check=false&deprecated=false&dubbo=2.0.2&dynamic=true&generic=false&group=yanhuohui-goods&interface=com.alibaba.cloud.dubbo.service.DubboMetadataService&metadata-type=remote&methods=getAllServiceKeys,getServiceRestMetadata,getExportedURLs,getAllExportedURLs&pid=1104&qos.enable=false&release=2.7.13&revision=2.2.7.RELEASE&service.name=ServiceBean:yanhuohui-goods/com.alibaba.cloud.dubbo.service.DubboMetadataService:1.0.0&side=provider&timestamp=1684821726875&version=1.0.0, urls: [empty://172.21.240.1:20881/com.alibaba.cloud.dubbo.service.DubboMetadataService?anyhost=true&application=yanhuohui-goods&bind.ip=172.21.240.1&bind.port=20881&category=providers&check=false&deprecated=false&dubbo=2.0.2&dynamic=true&generic=false&group=yanhuohui-goods&interface=com.alibaba.cloud.dubbo.service.DubboMetadataService&metadata-type=remote&methods=getAllServiceKeys,getServiceRestMetadata,getExportedURLs,getAllExportedURLs&pid=1104&qos.enable=false&release=2.7.13&revision=2.2.7.RELEASE&service.name=ServiceBean:yanhuohui-goods/com.alibaba.cloud.dubbo.service.DubboMetadataService:1.0.0&side=provider&timestamp=1684821726875&version=1.0.0], dubbo version: 2.7.13, current host: 172.21.240.1
[${project.name}][${env:SERVER_PORT}] 2023-05-23 16:47:40,472 INFO [nacos.publisher-com.alibaba.nacos.client.naming.event.InstancesChangeEvent][AbstractRegistry.java:410] -  [DUBBO] Notify urls for subscribe url provider://172.21.240.1:20881/com.chenyi.yanhuohui.goods.api.MerchantService?anyhost=true&application=yanhuohui-goods&bind.ip=172.21.240.1&bind.port=20881&category=configurators&check=false&deprecated=false&dubbo=2.0.2&dynamic=true&generic=false&interface=com.chenyi.yanhuohui.goods.api.MerchantService&metadata-type=remote&methods=queryMerchantById&pid=1104&qos.enable=false&release=2.7.13&service.name=ServiceBean:/com.chenyi.yanhuohui.goods.api.MerchantService&side=provider&timestamp=1684821719074, urls: [empty://172.21.240.1:20881/com.chenyi.yanhuohui.goods.api.MerchantService?anyhost=true&application=yanhuohui-goods&bind.ip=172.21.240.1&bind.port=20881&category=providers&check=false&deprecated=false&dubbo=2.0.2&dynamic=true&generic=false&interface=com.chenyi.yanhuohui.goods.api.MerchantService&metadata-type=remote&methods=queryMerchantById&pid=1104&qos.enable=false&release=2.7.13&service.name=ServiceBean:/com.chenyi.yanhuohui.goods.api.MerchantService&side=provider&timestamp=1684821719074], dubbo version: 2.7.13, current host: 172.21.240.1
[${project.name}][${env:SERVER_PORT}] 2023-05-23 16:47:40,534 INFO [nacos.publisher-com.alibaba.nacos.client.naming.event.InstancesChangeEvent][AbstractRegistry.java:410] -  [DUBBO] Notify urls for subscribe url consumer://172.21.240.1/org.apache.dubbo.rpc.service.GenericService?application=yanhuohui-goods&category=providers,configurators,routers&check=false&dubbo=2.0.2&generic=true&group=yanhuohui-setting&interface=com.alibaba.cloud.dubbo.service.DubboMetadataService&metadata-type=remote&pid=1104&qos.enable=false&release=2.7.13&router=-default,revisionRouter&side=consumer&sticky=false&timestamp=1684821720843&version=1.0.0, urls: [empty://172.21.240.1/org.apache.dubbo.rpc.service.GenericService?application=yanhuohui-goods&category=providers&check=false&dubbo=2.0.2&generic=true&group=yanhuohui-setting&interface=com.alibaba.cloud.dubbo.service.DubboMetadataService&metadata-type=remote&pid=1104&qos.enable=false&release=2.7.13&router=-default,revisionRouter&side=consumer&sticky=false&timestamp=1684821720843&version=1.0.0], dubbo version: 2.7.13, current host: 172.21.240.1
[${project.name}][${env:SERVER_PORT}] 2023-05-23 16:47:40,553 INFO [nacos.publisher-com.alibaba.nacos.client.naming.event.InstancesChangeEvent][DefaultMigrationAddressComparator.java:37] -  [DUBBO] No instance address available, will not migrate., dubbo version: 2.7.13, current host: 172.21.240.1
[${project.name}][${env:SERVER_PORT}] 2023-05-23 16:47:41,113 INFO [nacos.publisher-com.alibaba.nacos.client.naming.event.InstancesChangeEvent][DubboServiceDiscoveryAutoConfiguration.java:171] - The event of the service instances[name : yanhuohui-setting , size : 0] change is about to be dispatched
[${project.name}][${env:SERVER_PORT}] 2023-05-23 16:47:41,352 WARN [nacos.publisher-com.alibaba.nacos.client.naming.event.InstancesChangeEvent][DubboCloudRegistry.java:256] - APP yanhuohui-setting instance changed, size changed zero!!!
[${project.name}][${env:SERVER_PORT}] 2023-05-23 16:47:41,376 WARN [nacos.publisher-com.alibaba.nacos.client.naming.event.InstancesChangeEvent][ReferenceCountExchangeClient.java:192] -  [DUBBO] 172.21.240.1:20880 yanhuohui-setting/com.alibaba.cloud.dubbo.service.DubboMetadataService:1.0.0 safe guard client , should not be called ,must have a bug., dubbo version: 2.7.13, current host: 172.21.240.1
[${project.name}][${env:SERVER_PORT}] 2023-05-23 16:47:41,416 INFO [nacos.publisher-com.alibaba.nacos.client.naming.event.InstancesChangeEvent][DefaultMigrationAddressComparator.java:37] -  [DUBBO] No instance address available, will not migrate., dubbo version: 2.7.13, current host: 172.21.240.1
[${project.name}][${env:SERVER_PORT}] 2023-05-23 16:47:42,240 INFO [nacos.publisher-com.alibaba.nacos.client.naming.event.InstancesChangeEvent][AbstractRegistry.java:410] -  [DUBBO] Notify urls for subscribe url provider://172.21.240.1:20881/com.chenyi.yanhuohui.goods.api.TestServiceApi?anyhost=true&application=yanhuohui-goods&bind.ip=172.21.240.1&bind.port=20881&category=configurators&check=false&deprecated=false&dubbo=2.0.2&dynamic=true&generic=false&interface=com.chenyi.yanhuohui.goods.api.TestServiceApi&metadata-type=remote&methods=hello&pid=1104&qos.enable=false&release=2.7.13&service.name=ServiceBean:/com.chenyi.yanhuohui.goods.api.TestServiceApi&side=provider&timestamp=1684821725797, urls: [empty://172.21.240.1:20881/com.chenyi.yanhuohui.goods.api.TestServiceApi?anyhost=true&application=yanhuohui-goods&bind.ip=172.21.240.1&bind.port=20881&category=providers&check=false&deprecated=false&dubbo=2.0.2&dynamic=true&generic=false&interface=com.chenyi.yanhuohui.goods.api.TestServiceApi&metadata-type=remote&methods=hello&pid=1104&qos.enable=false&release=2.7.13&service.name=ServiceBean:/com.chenyi.yanhuohui.goods.api.TestServiceApi&side=provider&timestamp=1684821725797], dubbo version: 2.7.13, current host: 172.21.240.1
[${project.name}][${env:SERVER_PORT}] 2023-05-23 16:47:42,361 INFO [nacos.publisher-com.alibaba.nacos.client.naming.event.InstancesChangeEvent][AbstractRegistry.java:410] -  [DUBBO] Notify urls for subscribe url provider://172.21.240.1:20881/com.alibaba.cloud.dubbo.service.DubboMetadataService?anyhost=true&application=yanhuohui-goods&bind.ip=172.21.240.1&bind.port=20881&category=configurators&check=false&deprecated=false&dubbo=2.0.2&dynamic=true&generic=false&group=yanhuohui-goods&interface=com.alibaba.cloud.dubbo.service.DubboMetadataService&metadata-type=remote&methods=getAllServiceKeys,getServiceRestMetadata,getExportedURLs,getAllExportedURLs&pid=1104&qos.enable=false&release=2.7.13&revision=2.2.7.RELEASE&service.name=ServiceBean:yanhuohui-goods/com.alibaba.cloud.dubbo.service.DubboMetadataService:1.0.0&side=provider&timestamp=1684821726875&version=1.0.0, urls: [empty://172.21.240.1:20881/com.alibaba.cloud.dubbo.service.DubboMetadataService?anyhost=true&application=yanhuohui-goods&bind.ip=172.21.240.1&bind.port=20881&category=providers&check=false&deprecated=false&dubbo=2.0.2&dynamic=true&generic=false&group=yanhuohui-goods&interface=com.alibaba.cloud.dubbo.service.DubboMetadataService&metadata-type=remote&methods=getAllServiceKeys,getServiceRestMetadata,getExportedURLs,getAllExportedURLs&pid=1104&qos.enable=false&release=2.7.13&revision=2.2.7.RELEASE&service.name=ServiceBean:yanhuohui-goods/com.alibaba.cloud.dubbo.service.DubboMetadataService:1.0.0&side=provider&timestamp=1684821726875&version=1.0.0], dubbo version: 2.7.13, current host: 172.21.240.1
[${project.name}][${env:SERVER_PORT}] 2023-05-23 16:47:44,382 INFO [nacos.publisher-com.alibaba.nacos.client.naming.event.InstancesChangeEvent][DubboServiceDiscoveryAutoConfiguration.java:171] - The event of the service instances[name : yanhuohui-setting , size : 1] change is about to be dispatched
[${project.name}][${env:SERVER_PORT}] 2023-05-23 16:47:44,383 INFO [nacos.publisher-com.alibaba.nacos.client.naming.event.InstancesChangeEvent][DubboCloudRegistry.java:259] - APP yanhuohui-setting instance changed, size changed to 1
[${project.name}][${env:SERVER_PORT}] 2023-05-23 16:47:44,442 INFO [nacos.publisher-com.alibaba.nacos.client.naming.event.InstancesChangeEvent][DefaultMigrationAddressComparator.java:37] -  [DUBBO] No instance address available, will not migrate., dubbo version: 2.7.13, current host: 172.21.240.1
[${project.name}][${env:SERVER_PORT}] 2023-05-23 16:47:44,473 INFO [nacos.publisher-com.alibaba.nacos.client.naming.event.InstancesChangeEvent][LazyConnectExchangeClient.java:77] -  [DUBBO] Lazy connect to dubbo://172.21.240.1:20880/com.alibaba.cloud.dubbo.service.DubboMetadataService?anyhost=true&application=yanhuohui-goods&bind.ip=172.21.240.1&bind.port=20880&check=false&codec=dubbo&connect.lazy.initial.state=true&deprecated=false&dubbo=2.0.2&dynamic=true&generic=false&group=yanhuohui-setting&heartbeat=60000&interface=com.alibaba.cloud.dubbo.service.DubboMetadataService&metadata-type=remote&methods=getAllServiceKeys,getServiceRestMetadata,getExportedURLs,getAllExportedURLs&pid=1104&qos.enable=false&register.ip=172.21.240.1&release=2.7.13&remote.application=yanhuohui-setting&revision=2.2.7.RELEASE&router=-default,revisionRouter&sca_revision=0&send.reconnect=true&service.name=ServiceBean:yanhuohui-setting/com.alibaba.cloud.dubbo.service.DubboMetadataService:1.0.0&side=consumer&sticky=false&timestamp=1684818091542&version=1.0.0, dubbo version: 2.7.13, current host: 172.21.240.1
[${project.name}][${env:SERVER_PORT}] 2023-05-23 16:47:44,500 INFO [NettyClientWorker-4-2][NettyClientHandler.java:62] -  [DUBBO] The connection of /172.21.240.1:65423 -> /172.21.240.1:20880 is established., dubbo version: 2.7.13, current host: 172.21.240.1
[${project.name}][${env:SERVER_PORT}] 2023-05-23 16:47:44,500 INFO [nacos.publisher-com.alibaba.nacos.client.naming.event.InstancesChangeEvent][AbstractClient.java:207] -  [DUBBO] Successed connect to server /172.21.240.1:20880 from NettyClient 172.21.240.1 using dubbo version 2.7.13, channel is NettyChannel [channel=[id: 0xa4dd8723, L:/172.21.240.1:65423 - R:/172.21.240.1:20880]], dubbo version: 2.7.13, current host: 172.21.240.1
[${project.name}][${env:SERVER_PORT}] 2023-05-23 16:47:44,501 INFO [nacos.publisher-com.alibaba.nacos.client.naming.event.InstancesChangeEvent][AbstractClient.java:75] -  [DUBBO] Start NettyClient /172.21.240.1 connect to the server /172.21.240.1:20880, dubbo version: 2.7.13, current host: 172.21.240.1
[${project.name}][${env:SERVER_PORT}] 2023-05-23 16:47:44,567 INFO [nacos.publisher-com.alibaba.nacos.client.naming.event.InstancesChangeEvent][AbstractRegistry.java:410] -  [DUBBO] Notify urls for subscribe url provider://172.21.240.1:20881/com.chenyi.yanhuohui.goods.api.MerchantService?anyhost=true&application=yanhuohui-goods&bind.ip=172.21.240.1&bind.port=20881&category=configurators&check=false&deprecated=false&dubbo=2.0.2&dynamic=true&generic=false&interface=com.chenyi.yanhuohui.goods.api.MerchantService&metadata-type=remote&methods=queryMerchantById&pid=1104&qos.enable=false&release=2.7.13&service.name=ServiceBean:/com.chenyi.yanhuohui.goods.api.MerchantService&side=provider&timestamp=1684821719074, urls: [empty://172.21.240.1:20881/com.chenyi.yanhuohui.goods.api.MerchantService?anyhost=true&application=yanhuohui-goods&bind.ip=172.21.240.1&bind.port=20881&category=providers&check=false&deprecated=false&dubbo=2.0.2&dynamic=true&generic=false&interface=com.chenyi.yanhuohui.goods.api.MerchantService&metadata-type=remote&methods=queryMerchantById&pid=1104&qos.enable=false&release=2.7.13&service.name=ServiceBean:/com.chenyi.yanhuohui.goods.api.MerchantService&side=provider&timestamp=1684821719074], dubbo version: 2.7.13, current host: 172.21.240.1
[${project.name}][${env:SERVER_PORT}] 2023-05-23 16:47:44,568 INFO [nacos.publisher-com.alibaba.nacos.client.naming.event.InstancesChangeEvent][AbstractRegistry.java:410] -  [DUBBO] Notify urls for subscribe url consumer://172.21.240.1/org.apache.dubbo.rpc.service.GenericService?application=yanhuohui-goods&category=providers,configurators,routers&check=false&dubbo=2.0.2&generic=true&group=yanhuohui-setting&interface=com.alibaba.cloud.dubbo.service.DubboMetadataService&metadata-type=remote&pid=1104&qos.enable=false&release=2.7.13&router=-default,revisionRouter&side=consumer&sticky=false&timestamp=1684821720843&version=1.0.0, urls: [dubbo://172.21.240.1:20880/com.alibaba.cloud.dubbo.service.DubboMetadataService?anyhost=true&application=yanhuohui-setting&category=providers&deprecated=false&dubbo=2.0.2&dynamic=true&generic=false&group=yanhuohui-setting&interface=com.alibaba.cloud.dubbo.service.DubboMetadataService&metadata-type=remote&methods=getAllServiceKeys,getServiceRestMetadata,getExportedURLs,getAllExportedURLs&path=com.alibaba.cloud.dubbo.service.DubboMetadataService&pid=5220&protocol=dubbo&release=2.7.13&revision=2.2.7.RELEASE&service.name=ServiceBean:yanhuohui-setting/com.alibaba.cloud.dubbo.service.DubboMetadataService:1.0.0&side=provider&timestamp=1684818091542&version=1.0.0], dubbo version: 2.7.13, current host: 172.21.240.1
[${project.name}][${env:SERVER_PORT}] 2023-05-23 16:47:44,569 INFO [nacos.publisher-com.alibaba.nacos.client.naming.event.InstancesChangeEvent][DefaultMigrationAddressComparator.java:37] -  [DUBBO] No instance address available, will not migrate., dubbo version: 2.7.13, current host: 172.21.240.1
[${project.name}][${env:SERVER_PORT}] 2023-05-23 16:47:53,068 WARN [HikariPool-1 housekeeper][HikariPool.java:787] - HikariPool-1 - Thread starvation or clock leap detected (housekeeper delta=49m52s982ms267s600ns).
