[${project.name}][${env:SERVER_PORT}] 2023-05-23 10:35:52,296 ERROR [main][LoggingFailureAnalysisReporter.java:40] - 

***************************
APPLICATION FAILED TO START
***************************

Description:

An attempt was made to call a method that does not exist. The attempt was made from the following location:

    org.apache.dubbo.config.spring.beans.factory.annotation.ReferenceAnnotationBeanPostProcessor.<init>(ReferenceAnnotationBeanPostProcessor.java:106)

The following method did not exist:

    org.apache.dubbo.config.spring.beans.factory.annotation.ReferenceAnnotationBeanPostProcessor.setClassValuesAsString(Z)V

The method's class, org.apache.dubbo.config.spring.beans.factory.annotation.ReferenceAnnotationBeanPostProcessor, is available from the following locations:

    jar:file:/D:/apache-maven-3.6.1/repository/org/apache/dubbo/dubbo/2.7.13/dubbo-2.7.13.jar!/org/apache/dubbo/config/spring/beans/factory/annotation/ReferenceAnnotationBeanPostProcessor.class

It was loaded from the following location:

    file:/D:/apache-maven-3.6.1/repository/org/apache/dubbo/dubbo/2.7.13/dubbo-2.7.13.jar


Action:

Correct the classpath of your application so that it contains a single, compatible version of org.apache.dubbo.config.spring.beans.factory.annotation.ReferenceAnnotationBeanPostProcessor

[${project.name}][${env:SERVER_PORT}] 2023-05-23 10:44:42,745 ERROR [main][LoggingFailureAnalysisReporter.java:40] - 

***************************
APPLICATION FAILED TO START
***************************

Description:

An attempt was made to call a method that does not exist. The attempt was made from the following location:

    org.apache.dubbo.config.spring.beans.factory.annotation.ReferenceAnnotationBeanPostProcessor.<init>(ReferenceAnnotationBeanPostProcessor.java:106)

The following method did not exist:

    org.apache.dubbo.config.spring.beans.factory.annotation.ReferenceAnnotationBeanPostProcessor.setClassValuesAsString(Z)V

The method's class, org.apache.dubbo.config.spring.beans.factory.annotation.ReferenceAnnotationBeanPostProcessor, is available from the following locations:

    jar:file:/D:/apache-maven-3.6.1/repository/org/apache/dubbo/dubbo/2.7.13/dubbo-2.7.13.jar!/org/apache/dubbo/config/spring/beans/factory/annotation/ReferenceAnnotationBeanPostProcessor.class

It was loaded from the following location:

    file:/D:/apache-maven-3.6.1/repository/org/apache/dubbo/dubbo/2.7.13/dubbo-2.7.13.jar


Action:

Correct the classpath of your application so that it contains a single, compatible version of org.apache.dubbo.config.spring.beans.factory.annotation.ReferenceAnnotationBeanPostProcessor

